{"meta": {"version": "7.3.4", "timestamp": "2024-01-07T17:47:16.311772", "branch_coverage": false, "show_contexts": false}, "files": {"tests/__init__.py": {"executed_lines": [1], "summary": {"covered_lines": 0, "num_statements": 0, "percent_covered": 100.0, "percent_covered_display": "100", "missing_lines": 0, "excluded_lines": 0}, "missing_lines": [], "excluded_lines": []}, "tests/conftest.py": {"executed_lines": [1, 2, 3, 5, 14, 15, 18, 19, 20, 23, 29, 30, 31, 45, 46], "summary": {"covered_lines": 15, "num_statements": 15, "percent_covered": 100.0, "percent_covered_display": "100", "missing_lines": 0, "excluded_lines": 0}, "missing_lines": [], "excluded_lines": []}, "tests/test_api.py": {"executed_lines": [1, 2, 4, 11, 42, 43, 50, 51, 52, 53, 54, 55, 56, 57, 59, 60, 61], "summary": {"covered_lines": 17, "num_statements": 17, "percent_covered": 100.0, "percent_covered_display": "100", "missing_lines": 0, "excluded_lines": 0}, "missing_lines": [], "excluded_lines": []}, "tests/test_decoder.py": {"executed_lines": [1, 2, 4, 7, 8, 9, 11, 42, 79, 111, 119, 120, 121, 122], "summary": {"covered_lines": 14, "num_statements": 14, "percent_covered": 100.0, "percent_covered_display": "100", "missing_lines": 0, "excluded_lines": 0}, "missing_lines": [], "excluded_lines": []}, "tests/test_encoder.py": {"executed_lines": [1, 3, 7, 9, 10, 23, 56, 57, 58, 59, 60, 62, 70, 71, 74, 81, 82, 83, 84, 87, 88, 89, 90, 91, 94, 95, 96, 97, 98, 99, 102, 136, 137, 138, 141, 144, 145, 146, 147, 148, 151, 152, 153, 156, 157, 158, 159], "summary": {"covered_lines": 47, "num_statements": 47, "percent_covered": 100.0, "percent_covered_display": "100", "missing_lines": 0, "excluded_lines": 0}, "missing_lines": [], "excluded_lines": []}, "tests/test_resolver.py": {"executed_lines": [1, 3, 4, 5, 6, 8, 9, 12, 13, 15, 16, 17, 19, 20, 23, 24, 27, 28, 39, 40, 41, 42, 43, 45, 46, 49, 50, 51, 52, 54, 55, 57, 58], "summary": {"covered_lines": 33, "num_statements": 33, "percent_covered": 100.0, "percent_covered_display": "100", "missing_lines": 0, "excluded_lines": 0}, "missing_lines": [], "excluded_lines": []}, "uniswapx_sdk/__init__.py": {"executed_lines": [1], "summary": {"covered_lines": 0, "num_statements": 0, "percent_covered": 100.0, "percent_covered_display": "100", "missing_lines": 0, "excluded_lines": 0}, "missing_lines": [], "excluded_lines": []}, "uniswapx_sdk/api.py": {"executed_lines": [1, 8, 10, 13, 14, 15, 17, 18, 19, 20, 22, 36, 37, 38, 39, 41, 42], "summary": {"covered_lines": 17, "num_statements": 17, "percent_covered": 100.0, "percent_covered_display": "100", "missing_lines": 0, "excluded_lines": 0}, "missing_lines": [], "excluded_lines": []}, "uniswapx_sdk/constants.py": {"executed_lines": [1, 2, 6, 12, 15, 18, 19, 21, 26, 27], "summary": {"covered_lines": 10, "num_statements": 10, "percent_covered": 100.0, "percent_covered_display": "100", "missing_lines": 0, "excluded_lines": 0}, "missing_lines": [], "excluded_lines": []}, "uniswapx_sdk/decoder.py": {"executed_lines": [1, 8, 9, 10, 15, 18, 19, 20, 22, 23, 24, 25, 28, 29, 30, 33, 34, 35], "summary": {"covered_lines": 18, "num_statements": 18, "percent_covered": 100.0, "percent_covered_display": "100", "missing_lines": 0, "excluded_lines": 0}, "missing_lines": [], "excluded_lines": []}, "uniswapx_sdk/encoder.py": {"executed_lines": [1, 6, 7, 8, 16, 17, 21, 22, 27, 35, 36, 37, 38, 39, 40, 41, 42, 44, 45, 46, 47, 50, 51, 52, 53, 54, 56, 57, 60, 61, 62, 64, 65, 66, 69, 70, 71, 72, 75, 76, 77, 78, 80, 81, 84, 90, 93, 97, 100, 101, 102, 103, 105, 106, 108, 109, 110, 113, 114, 115, 118, 119, 120, 122, 123, 129, 130, 131, 132, 133, 134, 136, 143, 144, 146, 147, 154, 155, 156, 158, 159, 160, 161, 162, 163, 165, 177, 184, 185, 186, 187, 197, 203, 204, 205], "summary": {"covered_lines": 95, "num_statements": 95, "percent_covered": 100.0, "percent_covered_display": "100", "missing_lines": 0, "excluded_lines": 0}, "missing_lines": [], "excluded_lines": []}, "uniswapx_sdk/exceptions.py": {"executed_lines": [1, 9, 10, 15, 16, 19, 20, 21, 22, 25, 26, 27, 30, 31, 32, 35, 36, 40, 41, 42, 45, 46, 50, 51, 55, 56, 57, 60], "summary": {"covered_lines": 26, "num_statements": 29, "percent_covered": 89.65517241379311, "percent_covered_display": "90", "missing_lines": 3, "excluded_lines": 0}, "missing_lines": [37, 47, 52], "excluded_lines": []}, "uniswapx_sdk/resolver.py": {"executed_lines": [1, 8, 12, 16, 23, 27, 33, 34, 35, 36, 37, 39, 40, 51, 52, 53, 55, 56, 57, 58, 59, 60, 62, 64, 76, 77, 80, 81, 82, 83, 84, 85, 86, 87, 89], "summary": {"covered_lines": 35, "num_statements": 35, "percent_covered": 100.0, "percent_covered_display": "100", "missing_lines": 0, "excluded_lines": 0}, "missing_lines": [], "excluded_lines": []}}, "totals": {"covered_lines": 327, "num_statements": 330, "percent_covered": 99.0909090909091, "percent_covered_display": "99", "missing_lines": 3, "excluded_lines": 0}}