{"meta": {"version": "7.3.4", "timestamp": "2024-01-06T14:32:11.662638", "branch_coverage": false, "show_contexts": false}, "files": {"tests/__init__.py": {"executed_lines": [1], "summary": {"covered_lines": 0, "num_statements": 0, "percent_covered": 100.0, "percent_covered_display": "100", "missing_lines": 0, "excluded_lines": 0}, "missing_lines": [], "excluded_lines": []}, "tests/conftest.py": {"executed_lines": [1, 2, 3, 5, 14, 15, 18, 19, 20, 23, 29, 30, 31, 45, 46], "summary": {"covered_lines": 15, "num_statements": 15, "percent_covered": 100.0, "percent_covered_display": "100", "missing_lines": 0, "excluded_lines": 0}, "missing_lines": [], "excluded_lines": []}, "tests/test_api.py": {"executed_lines": [1, 2, 4, 11, 42, 43, 50, 51, 52, 53, 54, 55, 56, 57, 59, 60, 61], "summary": {"covered_lines": 17, "num_statements": 17, "percent_covered": 100.0, "percent_covered_display": "100", "missing_lines": 0, "excluded_lines": 0}, "missing_lines": [], "excluded_lines": []}, "tests/test_decoder.py": {"executed_lines": [1, 2, 4, 7, 8, 9, 11, 42, 79, 111, 119, 120, 121, 122], "summary": {"covered_lines": 14, "num_statements": 14, "percent_covered": 100.0, "percent_covered_display": "100", "missing_lines": 0, "excluded_lines": 0}, "missing_lines": [], "excluded_lines": []}, "tests/test_encoder.py": {"executed_lines": [1, 3, 4, 6, 7, 19, 52, 53, 54, 55, 56, 58, 66, 67, 70, 77, 78, 79, 80, 83, 84, 85, 86, 87, 90, 124, 125, 126, 129, 132, 133, 134, 135, 136], "summary": {"covered_lines": 34, "num_statements": 34, "percent_covered": 100.0, "percent_covered_display": "100", "missing_lines": 0, "excluded_lines": 0}, "missing_lines": [], "excluded_lines": []}, "tests/test_resolver.py": {"executed_lines": [1, 3, 4, 5, 7, 8, 11, 12, 14, 15, 16, 18, 19, 22, 23, 26, 27, 38, 39, 40, 41, 42, 44, 45], "summary": {"covered_lines": 24, "num_statements": 24, "percent_covered": 100.0, "percent_covered_display": "100", "missing_lines": 0, "excluded_lines": 0}, "missing_lines": [], "excluded_lines": []}, "uniswapx_sdk/__init__.py": {"executed_lines": [1], "summary": {"covered_lines": 0, "num_statements": 0, "percent_covered": 100.0, "percent_covered_display": "100", "missing_lines": 0, "excluded_lines": 0}, "missing_lines": [], "excluded_lines": []}, "uniswapx_sdk/api.py": {"executed_lines": [1, 8, 10, 13, 14, 15, 17, 18, 19, 20, 22, 36, 37, 38, 39, 41, 42], "summary": {"covered_lines": 17, "num_statements": 17, "percent_covered": 100.0, "percent_covered_display": "100", "missing_lines": 0, "excluded_lines": 0}, "missing_lines": [], "excluded_lines": []}, "uniswapx_sdk/constants.py": {"executed_lines": [1, 5, 12, 14, 15, 17, 22, 23], "summary": {"covered_lines": 8, "num_statements": 8, "percent_covered": 100.0, "percent_covered_display": "100", "missing_lines": 0, "excluded_lines": 0}, "missing_lines": [], "excluded_lines": []}, "uniswapx_sdk/decoder.py": {"executed_lines": [1, 8, 9, 10, 15, 18, 19, 20, 22, 23, 24, 25, 28, 29, 30, 33, 34, 35], "summary": {"covered_lines": 18, "num_statements": 18, "percent_covered": 100.0, "percent_covered_display": "100", "missing_lines": 0, "excluded_lines": 0}, "missing_lines": [], "excluded_lines": []}, "uniswapx_sdk/encoder.py": {"executed_lines": [1, 6, 7, 8, 16, 17, 21, 22, 27, 34, 35, 36, 37, 38, 39, 40, 41, 43, 44, 45, 46, 49, 50, 51, 52, 53, 55, 56, 59, 60, 61, 63, 64, 65, 68, 69, 70, 71, 74, 75, 76, 77, 79, 80, 83, 84, 87, 88, 89, 90, 92, 93, 96, 97, 98, 101, 102, 103, 105, 106, 112, 113, 114, 115, 116, 117, 119, 126, 127, 129, 130, 137, 138, 139, 141, 142, 143, 144, 145, 146, 148, 160, 167, 168, 178], "summary": {"covered_lines": 85, "num_statements": 85, "percent_covered": 100.0, "percent_covered_display": "100", "missing_lines": 0, "excluded_lines": 0}, "missing_lines": [], "excluded_lines": []}, "uniswapx_sdk/exceptions.py": {"executed_lines": [1, 9, 10, 15, 16, 19, 20, 21, 22, 25, 26, 27, 30, 31, 32, 35, 36, 40, 41, 42, 45, 46, 50, 51, 55, 56, 57, 60], "summary": {"covered_lines": 26, "num_statements": 29, "percent_covered": 89.65517241379311, "percent_covered_display": "90", "missing_lines": 3, "excluded_lines": 0}, "missing_lines": [37, 47, 52], "excluded_lines": []}, "uniswapx_sdk/resolver.py": {"executed_lines": [1, 8, 12, 16, 23, 27, 33, 34, 35, 36, 37, 39, 40, 51, 52, 53, 55, 56, 57, 59, 60, 64, 76, 77, 80, 81, 82, 83, 84, 85, 86, 87, 89], "summary": {"covered_lines": 33, "num_statements": 35, "percent_covered": 94.28571428571429, "percent_covered_display": "94", "missing_lines": 2, "excluded_lines": 0}, "missing_lines": [58, 62], "excluded_lines": []}}, "totals": {"covered_lines": 291, "num_statements": 296, "percent_covered": 98.3108108108108, "percent_covered_display": "98", "missing_lines": 5, "excluded_lines": 0}}